生成启动时间为 2015/5/25 21:15:19。
     1>项目“C:\Users\lenovo\Desktop\GibbsLDA++-0.2_vs2010\GibbsLDA++-0.2_vs2010\GibbsLDA++-0.2_vs2010\GibbsLDA++-0.2_vs2010.vcxproj”在节点 2 上(build 个目标)。
     1>InitializeBuildStatus:
         正在创建“Debug\GibbsLDA++-0.2_vs2010.unsuccessfulbuild”，因为已指定“AlwaysCreate”。
       ClCompile:
         C:\Program Files (x86)\Microsoft Visual Studio 10.0\VC\bin\CL.exe /c /ZI /nologo /W3 /WX- /Od /Oy- /D WIN32 /D _DEBUG /D _CONSOLE /D _UNICODE /D UNICODE /Gm /EHsc /RTC1 /MDd /GS /fp:precise /Zc:wchar_t /Zc:forScope /Fo"Debug\\" /Fd"Debug\vc100.pdb" /Gd /TP /analyze- /errorReport:prompt src\dataset.cpp src\lda.cpp src\model.cpp src\strtokenizer.cpp src\utils.cpp
         utils.cpp
     1>c:\users\lenovo\desktop\gibbslda++-0.2_vs2010\gibbslda++-0.2_vs2010\gibbslda++-0.2_vs2010\src\utils.cpp(252): warning C4996: 'fopen': This function or variable may be unsafe. Consider using fopen_s instead. To disable deprecation, use _CRT_SECURE_NO_WARNINGS. See online help for details.
                 c:\program files (x86)\microsoft visual studio 10.0\vc\include\stdio.h(234) : 参见“fopen”的声明
     1>c:\users\lenovo\desktop\gibbslda++-0.2_vs2010\gibbslda++-0.2_vs2010\gibbslda++-0.2_vs2010\src\utils.cpp(308): warning C4996: 'sprintf': This function or variable may be unsafe. Consider using sprintf_s instead. To disable deprecation, use _CRT_SECURE_NO_WARNINGS. See online help for details.
                 c:\program files (x86)\microsoft visual studio 10.0\vc\include\stdio.h(371) : 参见“sprintf”的声明
     1>c:\users\lenovo\desktop\gibbslda++-0.2_vs2010\gibbslda++-0.2_vs2010\gibbslda++-0.2_vs2010\src\utils.cpp(310): warning C4996: 'sprintf': This function or variable may be unsafe. Consider using sprintf_s instead. To disable deprecation, use _CRT_SECURE_NO_WARNINGS. See online help for details.
                 c:\program files (x86)\microsoft visual studio 10.0\vc\include\stdio.h(371) : 参见“sprintf”的声明
     1>c:\users\lenovo\desktop\gibbslda++-0.2_vs2010\gibbslda++-0.2_vs2010\gibbslda++-0.2_vs2010\src\utils.cpp(312): warning C4996: 'sprintf': This function or variable may be unsafe. Consider using sprintf_s instead. To disable deprecation, use _CRT_SECURE_NO_WARNINGS. See online help for details.
                 c:\program files (x86)\microsoft visual studio 10.0\vc\include\stdio.h(371) : 参见“sprintf”的声明
     1>c:\users\lenovo\desktop\gibbslda++-0.2_vs2010\gibbslda++-0.2_vs2010\gibbslda++-0.2_vs2010\src\utils.cpp(314): warning C4996: 'sprintf': This function or variable may be unsafe. Consider using sprintf_s instead. To disable deprecation, use _CRT_SECURE_NO_WARNINGS. See online help for details.
                 c:\program files (x86)\microsoft visual studio 10.0\vc\include\stdio.h(371) : 参见“sprintf”的声明
     1>c:\users\lenovo\desktop\gibbslda++-0.2_vs2010\gibbslda++-0.2_vs2010\gibbslda++-0.2_vs2010\src\utils.cpp(316): warning C4996: 'sprintf': This function or variable may be unsafe. Consider using sprintf_s instead. To disable deprecation, use _CRT_SECURE_NO_WARNINGS. See online help for details.
                 c:\program files (x86)\microsoft visual studio 10.0\vc\include\stdio.h(371) : 参见“sprintf”的声明
     1>c:\users\lenovo\desktop\gibbslda++-0.2_vs2010\gibbslda++-0.2_vs2010\gibbslda++-0.2_vs2010\src\utils.cpp(329): warning C4018: “<”: 有符号/无符号不匹配
     1>c:\users\lenovo\desktop\gibbslda++-0.2_vs2010\gibbslda++-0.2_vs2010\gibbslda++-0.2_vs2010\src\utils.cpp(330): warning C4018: “<”: 有符号/无符号不匹配
         strtokenizer.cpp
     1>c:\users\lenovo\desktop\gibbslda++-0.2_vs2010\gibbslda++-0.2_vs2010\gibbslda++-0.2_vs2010\src\strtokenizer.cpp(61): warning C4018: “<”: 有符号/无符号不匹配
     1>c:\users\lenovo\desktop\gibbslda++-0.2_vs2010\gibbslda++-0.2_vs2010\gibbslda++-0.2_vs2010\src\strtokenizer.cpp(69): warning C4018: “<”: 有符号/无符号不匹配
         model.cpp
     1>c:\users\lenovo\desktop\gibbslda++-0.2_vs2010\gibbslda++-0.2_vs2010\gibbslda++-0.2_vs2010\src\model.cpp(241): warning C4996: 'fopen': This function or variable may be unsafe. Consider using fopen_s instead. To disable deprecation, use _CRT_SECURE_NO_WARNINGS. See online help for details.
                 c:\program files (x86)\microsoft visual studio 10.0\vc\include\stdio.h(234) : 参见“fopen”的声明
     1>c:\users\lenovo\desktop\gibbslda++-0.2_vs2010\gibbslda++-0.2_vs2010\gibbslda++-0.2_vs2010\src\model.cpp(287): warning C4018: “<”: 有符号/无符号不匹配
     1>c:\users\lenovo\desktop\gibbslda++-0.2_vs2010\gibbslda++-0.2_vs2010\gibbslda++-0.2_vs2010\src\model.cpp(326): warning C4996: 'fopen': This function or variable may be unsafe. Consider using fopen_s instead. To disable deprecation, use _CRT_SECURE_NO_WARNINGS. See online help for details.
                 c:\program files (x86)\microsoft visual studio 10.0\vc\include\stdio.h(234) : 参见“fopen”的声明
     1>c:\users\lenovo\desktop\gibbslda++-0.2_vs2010\gibbslda++-0.2_vs2010\gibbslda++-0.2_vs2010\src\model.cpp(346): warning C4996: 'fopen': This function or variable may be unsafe. Consider using fopen_s instead. To disable deprecation, use _CRT_SECURE_NO_WARNINGS. See online help for details.
                 c:\program files (x86)\microsoft visual studio 10.0\vc\include\stdio.h(234) : 参见“fopen”的声明
     1>c:\users\lenovo\desktop\gibbslda++-0.2_vs2010\gibbslda++-0.2_vs2010\gibbslda++-0.2_vs2010\src\model.cpp(365): warning C4996: 'fopen': This function or variable may be unsafe. Consider using fopen_s instead. To disable deprecation, use _CRT_SECURE_NO_WARNINGS. See online help for details.
                 c:\program files (x86)\microsoft visual studio 10.0\vc\include\stdio.h(234) : 参见“fopen”的声明
     1>c:\users\lenovo\desktop\gibbslda++-0.2_vs2010\gibbslda++-0.2_vs2010\gibbslda++-0.2_vs2010\src\model.cpp(384): warning C4996: 'fopen': This function or variable may be unsafe. Consider using fopen_s instead. To disable deprecation, use _CRT_SECURE_NO_WARNINGS. See online help for details.
                 c:\program files (x86)\microsoft visual studio 10.0\vc\include\stdio.h(234) : 参见“fopen”的声明
     1>c:\users\lenovo\desktop\gibbslda++-0.2_vs2010\gibbslda++-0.2_vs2010\gibbslda++-0.2_vs2010\src\model.cpp(403): warning C4996: 'fopen': This function or variable may be unsafe. Consider using fopen_s instead. To disable deprecation, use _CRT_SECURE_NO_WARNINGS. See online help for details.
                 c:\program files (x86)\microsoft visual studio 10.0\vc\include\stdio.h(234) : 参见“fopen”的声明
     1>c:\users\lenovo\desktop\gibbslda++-0.2_vs2010\gibbslda++-0.2_vs2010\gibbslda++-0.2_vs2010\src\model.cpp(469): warning C4996: 'fopen': This function or variable may be unsafe. Consider using fopen_s instead. To disable deprecation, use _CRT_SECURE_NO_WARNINGS. See online help for details.
                 c:\program files (x86)\microsoft visual studio 10.0\vc\include\stdio.h(234) : 参见“fopen”的声明
     1>c:\users\lenovo\desktop\gibbslda++-0.2_vs2010\gibbslda++-0.2_vs2010\gibbslda++-0.2_vs2010\src\model.cpp(491): warning C4996: 'fopen': This function or variable may be unsafe. Consider using fopen_s instead. To disable deprecation, use _CRT_SECURE_NO_WARNINGS. See online help for details.
                 c:\program files (x86)\microsoft visual studio 10.0\vc\include\stdio.h(234) : 参见“fopen”的声明
     1>c:\users\lenovo\desktop\gibbslda++-0.2_vs2010\gibbslda++-0.2_vs2010\gibbslda++-0.2_vs2010\src\model.cpp(510): warning C4996: 'fopen': This function or variable may be unsafe. Consider using fopen_s instead. To disable deprecation, use _CRT_SECURE_NO_WARNINGS. See online help for details.
                 c:\program files (x86)\microsoft visual studio 10.0\vc\include\stdio.h(234) : 参见“fopen”的声明
     1>c:\users\lenovo\desktop\gibbslda++-0.2_vs2010\gibbslda++-0.2_vs2010\gibbslda++-0.2_vs2010\src\model.cpp(529): warning C4996: 'fopen': This function or variable may be unsafe. Consider using fopen_s instead. To disable deprecation, use _CRT_SECURE_NO_WARNINGS. See online help for details.
                 c:\program files (x86)\microsoft visual studio 10.0\vc\include\stdio.h(234) : 参见“fopen”的声明
     1>c:\users\lenovo\desktop\gibbslda++-0.2_vs2010\gibbslda++-0.2_vs2010\gibbslda++-0.2_vs2010\src\model.cpp(548): warning C4996: 'fopen': This function or variable may be unsafe. Consider using fopen_s instead. To disable deprecation, use _CRT_SECURE_NO_WARNINGS. See online help for details.
                 c:\program files (x86)\microsoft visual studio 10.0\vc\include\stdio.h(234) : 参见“fopen”的声明
     1>c:\users\lenovo\desktop\gibbslda++-0.2_vs2010\gibbslda++-0.2_vs2010\gibbslda++-0.2_vs2010\src\model.cpp(636): warning C4244: “参数”: 从“time_t”转换到“unsigned int”，可能丢失数据
     1>c:\users\lenovo\desktop\gibbslda++-0.2_vs2010\gibbslda++-0.2_vs2010\gibbslda++-0.2_vs2010\src\model.cpp(969): warning C4244: “参数”: 从“time_t”转换到“unsigned int”，可能丢失数据
         lda.cpp
         dataset.cpp
     1>c:\users\lenovo\desktop\gibbslda++-0.2_vs2010\gibbslda++-0.2_vs2010\gibbslda++-0.2_vs2010\src\dataset.cpp(33): warning C4996: 'fopen': This function or variable may be unsafe. Consider using fopen_s instead. To disable deprecation, use _CRT_SECURE_NO_WARNINGS. See online help for details.
                 c:\program files (x86)\microsoft visual studio 10.0\vc\include\stdio.h(234) : 参见“fopen”的声明
     1>c:\users\lenovo\desktop\gibbslda++-0.2_vs2010\gibbslda++-0.2_vs2010\gibbslda++-0.2_vs2010\src\dataset.cpp(53): warning C4996: 'fopen': This function or variable may be unsafe. Consider using fopen_s instead. To disable deprecation, use _CRT_SECURE_NO_WARNINGS. See online help for details.
                 c:\program files (x86)\microsoft visual studio 10.0\vc\include\stdio.h(234) : 参见“fopen”的声明
     1>c:\users\lenovo\desktop\gibbslda++-0.2_vs2010\gibbslda++-0.2_vs2010\gibbslda++-0.2_vs2010\src\dataset.cpp(85): warning C4996: 'fopen': This function or variable may be unsafe. Consider using fopen_s instead. To disable deprecation, use _CRT_SECURE_NO_WARNINGS. See online help for details.
                 c:\program files (x86)\microsoft visual studio 10.0\vc\include\stdio.h(234) : 参见“fopen”的声明
     1>c:\users\lenovo\desktop\gibbslda++-0.2_vs2010\gibbslda++-0.2_vs2010\gibbslda++-0.2_vs2010\src\dataset.cpp(118): warning C4996: 'fopen': This function or variable may be unsafe. Consider using fopen_s instead. To disable deprecation, use _CRT_SECURE_NO_WARNINGS. See online help for details.
                 c:\program files (x86)\microsoft visual studio 10.0\vc\include\stdio.h(234) : 参见“fopen”的声明
     1>c:\users\lenovo\desktop\gibbslda++-0.2_vs2010\gibbslda++-0.2_vs2010\gibbslda++-0.2_vs2010\src\dataset.cpp(203): warning C4996: 'fopen': This function or variable may be unsafe. Consider using fopen_s instead. To disable deprecation, use _CRT_SECURE_NO_WARNINGS. See online help for details.
                 c:\program files (x86)\microsoft visual studio 10.0\vc\include\stdio.h(234) : 参见“fopen”的声明
     1>c:\users\lenovo\desktop\gibbslda++-0.2_vs2010\gibbslda++-0.2_vs2010\gibbslda++-0.2_vs2010\src\dataset.cpp(289): warning C4996: 'fopen': This function or variable may be unsafe. Consider using fopen_s instead. To disable deprecation, use _CRT_SECURE_NO_WARNINGS. See online help for details.
                 c:\program files (x86)\microsoft visual studio 10.0\vc\include\stdio.h(234) : 参见“fopen”的声明
         正在生成代码...
       ManifestResourceCompile:
         C:\Program Files (x86)\Microsoft SDKs\Windows\v7.0A\bin\rc.exe /nologo /fo"Debug\GibbsLDA++-0.2_vs2010.exe.embed.manifest.res" Debug\GibbsLDA++-0.2_vs2010_manifest.rc 
       Link:
         C:\Program Files (x86)\Microsoft Visual Studio 10.0\VC\bin\link.exe /ERRORREPORT:PROMPT /OUT:"C:\Users\lenovo\Desktop\GibbsLDA++-0.2_vs2010\GibbsLDA++-0.2_vs2010\Debug\GibbsLDA++-0.2_vs2010.exe" /INCREMENTAL /NOLOGO opencv_calib3d2410.lib opencv_contrib2410.lib opencv_core2410.lib opencv_features2d2410.lib opencv_flann2410.lib opencv_gpu2410.lib opencv_highgui2410.lib opencv_imgproc2410.lib opencv_legacy2410.lib opencv_ml2410.lib opencv_nonfree2410.lib opencv_objdetect2410.lib opencv_ocl2410.lib opencv_photo2410.lib opencv_stitching2410.lib opencv_superres2410.lib opencv_ts2410.lib opencv_video2410.lib opencv_videostab2410.lib opencv_calib3d2410d.lib opencv_contrib2410d.lib opencv_core2410d.lib opencv_features2d2410d.lib opencv_flann2410d.lib opencv_gpu2410d.lib opencv_highgui2410d.lib opencv_imgproc2410d.lib opencv_legacy2410d.lib opencv_ml2410d.lib opencv_nonfree2410d.lib opencv_objdetect2410d.lib opencv_ocl2410d.lib opencv_photo2410d.lib opencv_stitching2410d.lib opencv_superres2410d.lib opencv_ts2410d.lib opencv_video2410d.lib opencv_videostab2410d.lib kernel32.lib user32.lib gdi32.lib winspool.lib comdlg32.lib advapi32.lib shell32.lib ole32.lib oleaut32.lib uuid.lib odbc32.lib odbccp32.lib /MANIFEST /ManifestFile:"Debug\GibbsLDA++-0.2_vs2010.exe.intermediate.manifest" /MANIFESTUAC:"level='asInvoker' uiAccess='false'" /DEBUG /PDB:"C:\Users\lenovo\Desktop\GibbsLDA++-0.2_vs2010\GibbsLDA++-0.2_vs2010\Debug\GibbsLDA++-0.2_vs2010.pdb" /SUBSYSTEM:CONSOLE /TLBID:1 /DYNAMICBASE /NXCOMPAT /IMPLIB:"C:\Users\lenovo\Desktop\GibbsLDA++-0.2_vs2010\GibbsLDA++-0.2_vs2010\Debug\GibbsLDA++-0.2_vs2010.lib" /MACHINE:X86 "Debug\GibbsLDA++-0.2_vs2010.exe.embed.manifest.res"
         Debug\dataset.obj
         Debug\lda.obj
         Debug\model.obj
         Debug\strtokenizer.obj
         Debug\utils.obj
       Manifest:
         C:\Program Files (x86)\Microsoft SDKs\Windows\v7.0A\bin\mt.exe /nologo /verbose /out:"Debug\GibbsLDA++-0.2_vs2010.exe.embed.manifest" /manifest "Debug\GibbsLDA++-0.2_vs2010.exe.intermediate.manifest"
         所有输出均为最新。
       LinkEmbedManifest:
         所有输出均为最新。
         GibbsLDA++-0.2_vs2010.vcxproj -> C:\Users\lenovo\Desktop\GibbsLDA++-0.2_vs2010\GibbsLDA++-0.2_vs2010\Debug\GibbsLDA++-0.2_vs2010.exe
       FinalizeBuildStatus:
         正在删除文件“Debug\GibbsLDA++-0.2_vs2010.unsuccessfulbuild”。
         正在对“Debug\GibbsLDA++-0.2_vs2010.lastbuildstate”执行 Touch 任务。
     1>已完成生成项目“C:\Users\lenovo\Desktop\GibbsLDA++-0.2_vs2010\GibbsLDA++-0.2_vs2010\GibbsLDA++-0.2_vs2010\GibbsLDA++-0.2_vs2010.vcxproj”(build 个目标)的操作。

生成成功。

已用时间 00:00:06.50
